[log]2017-08-18 15:19:07,694 (__printconsole) INFO :: Subscripation to RHN or RHSM ,then enable rhvh repos...
[log]2017-08-18 15:19:22,716 (__printconsole) INFO :: Cleaning the nfs storage...
[log]2017-08-18 15:19:31,917 (__printconsole) INFO :: Getting the latest rhvm appliance...
[log]2017-08-18 15:19:50,607 (__printconsole) INFO :: Adding the host to /etc/hosts and installing the rhvm appliance...
[log]2017-08-18 15:21:03,649 (__printconsole) INFO :: Logining to the cockpit...
[log]2017-08-18 15:21:18,589 (__printconsole) INFO :: Deploying the HostedEngine step by step...
[log]2017-08-18 15:22:30,941 (__printconsole) INFO :: Selecting the NFS storage...
[log]2017-08-18 15:22:38,197 (__printconsole) INFO :: Confirming the iptables...
[log]2017-08-18 15:22:40,284 (__printconsole) INFO :: Confirming the gateway ip...
[log]2017-08-18 15:22:42,402 (__printconsole) INFO :: Selecting the NIC...
[log]2017-08-18 15:22:48,783 (__printconsole) INFO :: Selecting the rhvm appliance...
[log]2017-08-18 15:24:49,023 (__printconsole) INFO :: Seclecting the VNC...
[log]2017-08-18 15:24:51,109 (__printconsole) INFO :: Seclecting the cloud-init mode...
[log]2017-08-18 15:24:53,198 (__printconsole) INFO :: Setting the VM FQDN...
[log]2017-08-18 15:24:59,666 (__printconsole) INFO :: Setting the VM domain...
[log]2017-08-18 15:25:01,784 (__printconsole) INFO :: Selecting the automatically engine-setup and restart the engine-vm...
[log]2017-08-18 15:25:05,963 (__printconsole) INFO :: Setting the root password...
[log]2017-08-18 15:25:18,493 (__printconsole) INFO :: Setting the ssh login...
[log]2017-08-18 15:25:26,880 (__printconsole) INFO :: Setting the VM disk, memory, type, vcpu...
[log]2017-08-18 15:25:35,231 (__printconsole) INFO :: Seting VM MAC and DHCP...
[log]2017-08-18 15:25:45,719 (__printconsole) INFO :: Setting the engine admin password...
[log]2017-08-18 15:25:53,207 (__printconsole) INFO :: Configuring the SMTP service and email address...
[log]2017-08-18 15:51:03,735 (__printconsole) INFO :: Deploy HostedEngine successfully!
[log]2017-08-18 15:51:03,736 (__printconsole) INFO :: Checking HostedEngine deployed?
[log]2017-08-18 15:51:08,227 (__printconsole) INFO :: HostedEngine was deployed!
